[debug] [2022-04-01T17:27:51.335Z] ----------------------------------------------------------------------
[debug] [2022-04-01T17:27:51.337Z] Command:       /usr/local/bin/node /usr/local/bin/firebase init
[debug] [2022-04-01T17:27:51.338Z] CLI Version:   10.5.0
[debug] [2022-04-01T17:27:51.338Z] Platform:      darwin
[debug] [2022-04-01T17:27:51.338Z] Node Version:  v16.14.0
[debug] [2022-04-01T17:27:51.339Z] Time:          Fri Apr 01 2022 13:27:51 GMT-0400 (Eastern Daylight Time)
[debug] [2022-04-01T17:27:51.340Z] ----------------------------------------------------------------------
[debug] 
[debug] [2022-04-01T17:27:51.342Z] >>> [apiv2][query] GET https://firebase-public.firebaseio.com/cli.json [none]
[debug] [2022-04-01T17:27:51.422Z] Object ".remoteconfig" in "firebase.json" is missing required property: {"missingProperty":"template"}
[debug] [2022-04-01T17:27:51.427Z] > command requires scopes: ["email","openid","https://www.googleapis.com/auth/cloudplatformprojects.readonly","https://www.googleapis.com/auth/firebase","https://www.googleapis.com/auth/cloud-platform"]
[debug] [2022-04-01T17:27:51.427Z] > authorizing via signed-in user (ayujain2004@gmail.com)
[debug] [2022-04-01T17:27:51.428Z] Object ".remoteconfig" in "firebase.json" is missing required property: {"missingProperty":"template"}
[info] 
     ######## #### ########  ######## ########     ###     ######  ########
     ##        ##  ##     ## ##       ##     ##  ##   ##  ##       ##
     ######    ##  ########  ######   ########  #########  ######  ######
     ##        ##  ##    ##  ##       ##     ## ##     ##       ## ##
     ##       #### ##     ## ######## ########  ##     ##  ######  ########

You're about to initialize a Firebase project in this directory:

  /Users/ayushjain/Desktop/turntable

Before we get started, keep in mind:

  * You are initializing within an existing Firebase project directory

[debug] [2022-04-01T17:27:51.610Z] <<< [apiv2][status] GET https://firebase-public.firebaseio.com/cli.json 200
[debug] [2022-04-01T17:27:51.611Z] <<< [apiv2][body] GET https://firebase-public.firebaseio.com/cli.json {"cloudBuildErrorAfter":1594252800000,"cloudBuildWarnAfter":1590019200000,"defaultNode10After":1594252800000,"minVersion":"3.0.5","node8DeploysDisabledAfter":1613390400000,"node8RuntimeDisabledAfter":1615809600000,"node8WarnAfter":1600128000000}
[info] 
=== Project Setup
[info] 
[info] First, let's associate this project directory with a Firebase project.
[info] You can create multiple project aliases by running firebase use --add, 
[info] but for now we'll just set up a default project.
[info] 
[debug] [2022-04-01T17:28:03.407Z] Using project from CLI flag: turntable-6a455
[debug] [2022-04-01T17:28:03.409Z] > refreshing access token with scopes: []
[debug] [2022-04-01T17:28:03.410Z] >>> HTTP REQUEST POST https://www.googleapis.com/oauth2/v3/token  
 <request body omitted>
[debug] [2022-04-01T17:28:03.805Z] <<< HTTP RESPONSE 200 {"cache-control":"no-cache, no-store, max-age=0, must-revalidate","expires":"Mon, 01 Jan 1990 00:00:00 GMT","pragma":"no-cache","date":"Fri, 01 Apr 2022 17:28:03 GMT","content-type":"application/json; charset=utf-8","vary":"X-Origin, Referer, Origin,Accept-Encoding","server":"scaffolding on HTTPServer2","x-xss-protection":"0","x-frame-options":"SAMEORIGIN","x-content-type-options":"nosniff","alt-svc":"h3=\":443\"; ma=2592000,h3-29=\":443\"; ma=2592000,h3-Q050=\":443\"; ma=2592000,h3-Q046=\":443\"; ma=2592000,h3-Q043=\":443\"; ma=2592000,quic=\":443\"; ma=2592000; v=\"46,43\"","accept-ranges":"none","transfer-encoding":"chunked"}
[debug] [2022-04-01T17:28:03.859Z] >>> [apiv2][query] GET https://firebase.googleapis.com/v1beta1/projects/turntable-6a455 [none]
[debug] [2022-04-01T17:28:04.176Z] <<< [apiv2][status] GET https://firebase.googleapis.com/v1beta1/projects/turntable-6a455 200
[debug] [2022-04-01T17:28:04.177Z] <<< [apiv2][body] GET https://firebase.googleapis.com/v1beta1/projects/turntable-6a455 {"projectId":"turntable-6a455","projectNumber":"215379979109","displayName":"Turntable-development","name":"projects/turntable-6a455","resources":{"hostingSite":"turntable-6a455","realtimeDatabaseInstance":"turntable-6a455-default-rtdb","storageBucket":"turntable-6a455.appspot.com","locationId":"us-central"},"state":"ACTIVE"}
[info] i  Using project turntable-6a455 (Turntable-development) 
[info] 
=== Hosting Setup
[info] 
[info] Your public directory is the folder (relative to your project directory) that
[info] will contain Hosting assets to be uploaded with firebase deploy. If you
[info] have a build process for your assets, use your build's output directory.
[info] 
[debug] [2022-04-01T17:28:50.670Z] >>> [apiv2][query] GET https://www.gstatic.com/firebasejs/releases.json [none]
[debug] [2022-04-01T17:28:50.770Z] <<< [apiv2][status] GET https://www.gstatic.com/firebasejs/releases.json 200
[debug] [2022-04-01T17:28:50.770Z] <<< [apiv2][body] GET https://www.gstatic.com/firebasejs/releases.json {"current":{"version":"9.6.10","browserURL":"https://www.gstatic.com/firebasejs/9.6.10/firebase.js","packageURL":"https://www.gstatic.com/firebasejs/9.6.10/firebase.tgz"},"live":{"version":"9.6","browserURL":"https://www.gstatic.com/firebasejs/live/9.6/firebase.js","packageURL":"https://www.gstatic.com/firebasejs/live/9.6/firebase.tgz"},"components":{"analytics":"https://www.gstatic.com/firebasejs/9.6.10/firebase-analytics.js","app":"https://www.gstatic.com/firebasejs/9.6.10/firebase-app.js","app-check":"https://www.gstatic.com/firebasejs/9.6.10/firebase-app-check.js","auth":"https://www.gstatic.com/firebasejs/9.6.10/firebase-auth.js","auth/cordova":"https://www.gstatic.com/firebasejs/9.6.10/firebase-auth/cordova.js","auth/react-native":"https://www.gstatic.com/firebasejs/9.6.10/firebase-auth/react-native.js","functions":"https://www.gstatic.com/firebasejs/9.6.10/firebase-functions.js","firestore":"https://www.gstatic.com/firebasejs/9.6.10/firebase-firestore.js","firestore/lite":"https://www.gstatic.com/firebasejs/9.6.10/firebase-firestore/lite.js","storage":"https://www.gstatic.com/firebasejs/9.6.10/firebase-storage.js","performance":"https://www.gstatic.com/firebasejs/9.6.10/firebase-performance.js","remote-config":"https://www.gstatic.com/firebasejs/9.6.10/firebase-remote-config.js","messaging":"https://www.gstatic.com/firebasejs/9.6.10/firebase-messaging.js","messaging/sw":"https://www.gstatic.com/firebasejs/9.6.10/firebase-messaging/sw.js","database":"https://www.gstatic.com/firebasejs/9.6.10/firebase-database.js","firestore.memory":"https://www.gstatic.com/firebasejs/9.6.10/firebase-firestore.memory.js"}}
[info] i  Skipping write of public/index.html 
[info] 
[info] i  Detected a .git folder at /Users/ayushjain/Desktop/turntable 
[info] i  Authorizing with GitHub to upload your service account to a GitHub repository's secrets store. 
[info] 
[info] Visit this URL on this device to log in:
[info] https://github.com/login/oauth/authorize?client_id=89cf50f02ac6aaed3484&state=552346575&redirect_uri=http%3A%2F%2Flocalhost%3A9005&scope=read%3Auser%20repo%20public_repo
[info] 
[info] Waiting for authentication...
[debug] [2022-04-01T17:28:56.739Z] >>> HTTP REQUEST POST https://github.com/login/oauth/access_token  
 {"client_id":"89cf50f02ac6aaed3484","client_secret":"3330d14abc895d9a74d5f17cd7a00711fa2c5bf0","code":"1cb5565f291213236777","redirect_uri":"http://localhost:9005","state":"552346575"}
[debug] [2022-04-01T17:28:56.892Z] <<< HTTP RESPONSE 200 {"server":"GitHub.com","date":"Fri, 01 Apr 2022 17:28:56 GMT","content-type":"application/json; charset=utf-8","transfer-encoding":"chunked","vary":"X-PJAX, X-PJAX-Container, Accept-Encoding, Accept, X-Requested-With","permissions-policy":"interest-cohort=()","etag":"W/\"9a7f8213fac26de59692e4089fa5500f\"","cache-control":"max-age=0, private, must-revalidate","strict-transport-security":"max-age=31536000; includeSubdomains; preload","x-frame-options":"deny","x-content-type-options":"nosniff","x-xss-protection":"0","referrer-policy":"origin-when-cross-origin, strict-origin-when-cross-origin","expect-ct":"max-age=2592000, report-uri=\"https://api.github.com/_private/browser/errors\"","content-security-policy":"default-src 'none'; base-uri 'self'; block-all-mixed-content; child-src github.com/assets-cdn/worker/ gist.github.com/assets-cdn/worker/; connect-src 'self' uploads.github.com objects-origin.githubusercontent.com www.githubstatus.com collector.githubapp.com collector.github.com api.github.com github-cloud.s3.amazonaws.com github-production-repository-file-5c1aeb.s3.amazonaws.com github-production-upload-manifest-file-7fdce7.s3.amazonaws.com github-production-user-asset-6210df.s3.amazonaws.com cdn.optimizely.com logx.optimizely.com/v1/events translator.github.com *.actions.githubusercontent.com wss://*.actions.githubusercontent.com online.visualstudio.com/api/v1/locations raw.githubusercontent.com github-production-repository-image-32fea6.s3.amazonaws.com github-production-release-asset-2e65be.s3.amazonaws.com insights.github.com wss://alive.github.com; font-src github.githubassets.com; form-action 'self' github.com gist.github.com objects-origin.githubusercontent.com; frame-ancestors 'none'; frame-src render.githubusercontent.com viewscreen.githubusercontent.com notebooks.githubusercontent.com; img-src 'self' data: github.githubassets.com identicons.github.com collector.githubapp.com collector.github.com github-cloud.s3.amazonaws.com secured-user-images.githubusercontent.com/ *.githubusercontent.com; manifest-src 'self'; media-src github.com user-images.githubusercontent.com/; script-src github.githubassets.com; style-src 'unsafe-inline' github.githubassets.com; worker-src github.com/assets-cdn/worker/ gist.github.com/assets-cdn/worker/","x-github-request-id":"F798:30C7:3ECF8:754FE:62473658"}
[debug] [2022-04-01T17:28:56.907Z] >>> [apiv2][query] GET https://api.github.com/user [none]
[debug] [2022-04-01T17:28:57.094Z] <<< [apiv2][status] GET https://api.github.com/user 200
[debug] [2022-04-01T17:28:57.094Z] <<< [apiv2][body] GET https://api.github.com/user {"login":"ayujain04","id":88155816,"node_id":"MDQ6VXNlcjg4MTU1ODE2","avatar_url":"https://avatars.githubusercontent.com/u/88155816?v=4","gravatar_id":"","url":"https://api.github.com/users/ayujain04","html_url":"https://github.com/ayujain04","followers_url":"https://api.github.com/users/ayujain04/followers","following_url":"https://api.github.com/users/ayujain04/following{/other_user}","gists_url":"https://api.github.com/users/ayujain04/gists{/gist_id}","starred_url":"https://api.github.com/users/ayujain04/starred{/owner}{/repo}","subscriptions_url":"https://api.github.com/users/ayujain04/subscriptions","organizations_url":"https://api.github.com/users/ayujain04/orgs","repos_url":"https://api.github.com/users/ayujain04/repos","events_url":"https://api.github.com/users/ayujain04/events{/privacy}","received_events_url":"https://api.github.com/users/ayujain04/received_events","type":"User","site_admin":false,"name":null,"company":null,"blog":"","location":null,"email":null,"hireable":null,"bio":null,"twitter_username":null,"public_repos":1,"public_gists":0,"followers":0,"following":0,"created_at":"2021-07-29T16:11:30Z","updated_at":"2022-03-20T19:20:16Z","private_gists":0,"total_private_repos":2,"owned_private_repos":2,"disk_usage":73091,"collaborators":1,"two_factor_authentication":false,"plan":{"name":"free","space":976562499,"collaborators":0,"private_repos":10000}}
[info] 
[info] ✔  Success! Logged into GitHub as ayujain04 
[info] 
